2020-10-11 22:38:38 INFO  log :62 - Page was opened
2020-10-11 22:38:38 INFO  log :17 - Username was entered
2020-10-11 22:38:38 INFO  log :19 - Password was entered
2020-10-11 22:38:49 INFO  log :42 - Test failed
2020-10-11 22:51:16 INFO  log :62 - Page was opened
2020-10-11 22:51:17 INFO  log :17 - Username was entered
2020-10-11 22:51:17 INFO  log :19 - Password was entered
2020-10-11 22:51:28 INFO  log :47 - Test passed
2020-10-11 22:52:00 INFO  log :62 - Page was opened
2020-10-11 22:52:00 INFO  log :17 - Username was entered
2020-10-11 22:52:01 INFO  log :19 - Password was entered
2020-10-11 22:52:11 INFO  log :47 - Test passed
2020-10-11 22:53:05 INFO  log :62 - Page was opened
2020-10-11 22:53:05 INFO  log :17 - Username was entered
2020-10-11 22:53:05 INFO  log :19 - Password was entered
2020-10-11 22:53:15 INFO  log :42 - Test failed
2020-10-11 22:53:49 INFO  log :62 - Page was opened
2020-10-11 22:53:50 INFO  log :17 - Username was entered
2020-10-11 22:53:50 INFO  log :19 - Password was entered
2020-10-11 22:54:01 INFO  log :52 - Test failed
2020-10-11 23:13:18 INFO  log :63 - Page was opened
2020-10-11 23:13:18 INFO  log :17 - Username was entered
2020-10-11 23:13:19 INFO  log :19 - Password was entered
2020-10-11 23:13:29 INFO  log :48 - Test passed
2020-10-14 19:15:49 INFO  log :63 - Page was opened
2020-10-14 19:15:49 INFO  log :17 - Username was entered
2020-10-14 19:15:51 INFO  log :19 - Password was entered
2020-10-15 23:47:53 INFO  log :64 - Page was opened
2020-10-15 23:47:54 INFO  log :18 - Entered username
2020-10-15 23:47:54 INFO  log :20 - Enterd password
2020-10-15 23:47:55 INFO  log :22 - Click on login button
2020-10-15 23:49:40 INFO  log :64 - Page was opened
2020-10-15 23:49:41 INFO  log :18 - Entered username
2020-10-15 23:49:41 INFO  log :20 - Enterd password
2020-10-15 23:49:42 INFO  log :22 - Click on login button
2020-10-15 23:50:49 INFO  log :64 - Page was opened
2020-10-15 23:50:50 INFO  log :18 - Entered username
2020-10-15 23:50:50 INFO  log :20 - Enterd password
2020-10-15 23:50:51 INFO  log :22 - Click on login button
2020-10-15 23:51:42 INFO  log :64 - Page was opened
2020-10-15 23:51:42 INFO  log :18 - Entered username
2020-10-15 23:51:43 INFO  log :20 - Enterd password
2020-10-15 23:51:44 INFO  log :22 - Click on login button
2020-10-15 23:53:31 INFO  log :64 - Page was opened
2020-10-15 23:53:31 INFO  log :18 - Entered username
2020-10-15 23:53:31 INFO  log :20 - Enterd password
2020-10-15 23:53:32 INFO  log :22 - Click on login button
2020-10-15 23:58:57 INFO  log :64 - Page was opened
2020-10-15 23:58:57 INFO  log :18 - Entered username
2020-10-15 23:58:58 INFO  log :20 - Enterd password
2020-10-15 23:58:59 INFO  log :22 - Click on login button
2020-10-16 00:12:38 INFO  log :64 - Page was opened
2020-10-16 00:12:38 INFO  log :18 - Entered username
2020-10-16 00:12:38 INFO  log :20 - Enterd password
2020-10-16 00:12:39 INFO  log :22 - Click on login button
2020-10-16 00:13:58 INFO  log :64 - Page was opened
2020-10-16 00:13:58 INFO  log :18 - Entered username
2020-10-16 00:13:58 INFO  log :20 - Enterd password
2020-10-16 00:14:00 INFO  log :22 - Click on login button
2020-10-16 00:14:46 INFO  log :64 - Page was opened
2020-10-16 00:14:46 INFO  log :18 - Entered username
2020-10-16 00:14:46 INFO  log :20 - Enterd password
2020-10-16 00:14:48 INFO  log :22 - Click on login button
2020-10-16 00:27:02 INFO  log :64 - Page was opened
2020-10-16 00:27:02 INFO  log :18 - Entered username
2020-10-16 00:27:03 INFO  log :20 - Enterd password
2020-10-16 00:27:05 INFO  log :22 - Click on login button
2020-10-16 00:27:10 INFO  log :35 - Test failed
2020-10-16 00:29:52 INFO  log :64 - Page was opened
2020-10-16 00:29:53 INFO  log :18 - Entered username
2020-10-16 00:29:53 INFO  log :20 - Enterd password
2020-10-16 00:29:55 INFO  log :22 - Click on login button
2020-10-16 00:30:01 INFO  log :52 - Test failed
2020-10-16 00:31:45 INFO  log :64 - Page was opened
2020-10-16 00:31:45 INFO  log :18 - Entered username
2020-10-16 00:31:46 INFO  log :20 - Enterd password
2020-10-16 00:31:48 INFO  log :22 - Click on login button
2020-10-16 00:31:55 INFO  log :65 - Test passed
2020-10-16 00:35:34 INFO  log :64 - Page was opened
2020-10-16 00:35:34 INFO  log :18 - Entered username
2020-10-16 00:35:34 INFO  log :20 - Enterd password
2020-10-16 00:35:36 INFO  log :22 - Click on login button
2020-10-16 00:35:42 INFO  log :52 - Test failed
2020-10-19 21:41:50 INFO  log :64 - Page was opened
2020-10-19 21:41:51 INFO  log :17 - Entered username
2020-10-19 21:41:51 INFO  log :19 - Entered password
2020-10-19 21:41:56 INFO  log :27 - Open delete customer page
2020-10-19 21:41:56 INFO  log :29 - Set customer id
2020-10-19 21:45:40 INFO  log :64 - Page was opened
2020-10-19 21:45:40 INFO  log :17 - Entered username
2020-10-19 21:45:41 INFO  log :19 - Entered password
2020-10-19 21:45:46 INFO  log :27 - Open delete customer page
2020-10-19 21:45:46 INFO  log :29 - Set customer id
2020-10-19 21:45:50 INFO  log :50 - Test failed
2020-10-19 21:47:18 INFO  log :64 - Page was opened
2020-10-19 21:47:19 INFO  log :17 - Entered username
2020-10-19 21:47:19 INFO  log :19 - Entered password
2020-10-19 21:47:24 INFO  log :27 - Open delete customer page
2020-10-19 21:47:25 INFO  log :29 - Set customer id
2020-10-19 21:47:28 INFO  log :50 - Test failed
2020-10-19 21:48:58 INFO  log :64 - Page was opened
2020-10-19 21:48:58 INFO  log :17 - Entered username
2020-10-19 21:48:59 INFO  log :19 - Entered password
2020-10-19 21:49:04 INFO  log :27 - Open delete customer page
2020-10-19 21:49:04 INFO  log :29 - Set customer id
2020-10-19 21:49:08 INFO  log :38 - Test failed
2020-10-19 21:55:02 INFO  log :64 - Page was opened
2020-10-19 21:55:02 INFO  log :17 - Entered username
2020-10-19 21:55:02 INFO  log :19 - Entered password
2020-10-19 21:55:08 INFO  log :27 - Open delete customer page
2020-10-19 21:55:08 INFO  log :29 - Set customer id
2020-10-19 21:55:12 INFO  log :38 - Test failed
2020-10-19 21:58:26 INFO  log :64 - Page was opened
2020-10-19 21:58:26 INFO  log :17 - Entered username
2020-10-19 21:58:26 INFO  log :19 - Entered password
2020-10-19 21:58:32 INFO  log :27 - Open delete customer page
2020-10-19 21:58:32 INFO  log :29 - Set customer id
2020-10-19 21:58:36 INFO  log :50 - Test failed
2020-10-19 22:01:34 INFO  log :64 - Page was opened
2020-10-19 22:01:35 INFO  log :17 - Entered username
2020-10-19 22:01:35 INFO  log :19 - Entered password
2020-10-19 22:01:39 INFO  log :27 - Open delete customer page
2020-10-19 22:01:39 INFO  log :29 - Set customer id
2020-10-19 22:01:43 INFO  log :50 - Test failed
2020-10-19 22:05:07 INFO  log :64 - Page was opened
2020-10-19 22:05:07 INFO  log :17 - Entered username
2020-10-19 22:05:07 INFO  log :19 - Entered password
2020-10-19 22:05:12 INFO  log :27 - Open delete customer page
2020-10-19 22:05:12 INFO  log :29 - Set customer id
2020-10-19 22:08:07 INFO  log :64 - Page was opened
2020-10-19 22:08:07 INFO  log :17 - Entered username
2020-10-19 22:08:07 INFO  log :19 - Entered password
2020-10-19 22:08:13 INFO  log :27 - Open delete customer page
2020-10-19 22:08:13 INFO  log :29 - Set customer id
2020-10-19 22:08:17 INFO  log :51 - Test failed
2020-10-19 22:12:48 INFO  log :64 - Page was opened
2020-10-19 22:12:48 INFO  log :17 - Entered username
2020-10-19 22:12:48 INFO  log :19 - Entered password
2020-10-19 22:12:53 INFO  log :27 - Open delete customer page
2020-10-19 22:12:53 INFO  log :29 - Set customer id
2020-10-19 22:12:58 INFO  log :47 - Test passed
2020-10-21 21:57:52 INFO  log :64 - Page was opened
2020-10-21 21:57:52 INFO  log :16 - Entered username
2020-10-21 21:57:53 INFO  log :18 - Entered password
2020-10-21 22:06:22 INFO  log :64 - Page was opened
2020-10-21 22:06:22 INFO  log :16 - Entered username
2020-10-21 22:06:23 INFO  log :18 - Entered password
2020-10-21 22:06:27 INFO  log :44 - Test failed
2020-10-21 22:12:30 INFO  log :64 - Page was opened
2020-10-21 22:12:30 INFO  log :16 - Entered username
2020-10-21 22:12:30 INFO  log :18 - Entered password
2020-10-21 22:12:36 INFO  log :44 - Test failed
2020-10-21 22:13:12 INFO  log :64 - Page was opened
2020-10-21 22:13:13 INFO  log :16 - Entered username
2020-10-21 22:13:13 INFO  log :18 - Entered password
2020-10-21 22:13:27 INFO  log :44 - Test failed
2020-10-21 22:14:15 INFO  log :64 - Page was opened
2020-10-21 22:14:15 INFO  log :16 - Entered username
2020-10-21 22:14:15 INFO  log :18 - Entered password
2020-10-21 22:19:10 INFO  log :64 - Page was opened
2020-10-21 22:19:10 INFO  log :16 - Entered username
2020-10-21 22:19:11 INFO  log :18 - Entered password
2020-10-21 22:19:19 INFO  log :40 - Test passed
2020-10-21 22:19:40 INFO  log :64 - Page was opened
2020-10-21 22:19:40 INFO  log :16 - Entered username
2020-10-21 22:19:41 INFO  log :18 - Entered password
2020-10-21 22:19:49 INFO  log :40 - Test passed
2020-10-29 23:03:54 INFO  log :64 - Page was opened
2020-10-29 23:03:56 INFO  log :14 - Entered username
2020-10-29 23:03:56 INFO  log :16 - Entered password
2020-10-29 23:07:29 INFO  log :64 - Page was opened
2020-10-29 23:07:29 INFO  log :14 - Entered username
2020-10-29 23:07:30 INFO  log :16 - Entered password
2020-10-29 23:07:37 INFO  log :32 - Test Failed
2020-10-29 23:09:14 INFO  log :64 - Page was opened
2020-10-29 23:09:14 INFO  log :14 - Entered username
2020-10-29 23:09:14 INFO  log :16 - Entered password
2020-10-29 23:09:25 INFO  log :48 - Test Passed
2020-10-29 23:09:56 INFO  log :64 - Page was opened
2020-10-29 23:09:56 INFO  log :14 - Entered username
2020-10-29 23:09:57 INFO  log :16 - Entered password
2020-10-29 23:10:06 INFO  log :42 - Test Failed
2020-10-29 23:11:10 INFO  log :64 - Page was opened
2020-10-29 23:11:10 INFO  log :14 - Entered username
2020-10-29 23:11:10 INFO  log :16 - Entered password
2020-10-29 23:11:19 INFO  log :48 - Test Passed
2020-10-31 13:23:19 INFO  log :64 - Page was opened
2020-10-31 13:23:21 INFO  log :14 - Entered username
2020-10-31 13:23:21 INFO  log :16 - Entered password
2020-10-31 13:27:58 INFO  log :64 - Page was opened
2020-10-31 13:27:58 INFO  log :14 - Entered username
2020-10-31 13:27:58 INFO  log :16 - Entered password
2020-10-31 13:28:07 INFO  log :42 - Test Failed
2020-10-31 13:39:07 INFO  log :64 - Page was opened
2020-10-31 13:39:07 INFO  log :14 - Entered username
2020-10-31 13:39:07 INFO  log :16 - Entered password
2020-10-31 13:39:18 INFO  log :48 - Test Passed
2020-10-31 14:02:56 INFO  log :64 - Page was opened
2020-10-31 14:02:57 INFO  log :14 - Entered username
2020-10-31 14:02:57 INFO  log :16 - Entered password
2020-10-31 14:03:07 INFO  log :48 - Test Passed
2020-10-31 14:42:50 INFO  log :64 - Page was opened
2020-10-31 14:42:50 INFO  log :14 - Entered username
2020-10-31 14:42:50 INFO  log :16 - Entered password
2020-10-31 14:43:00 INFO  log :48 - Test Passed
2020-10-31 16:19:03 INFO  log :64 - Page was opened
2020-10-31 16:19:04 INFO  log :14 - Entered username
2020-10-31 16:19:05 INFO  log :16 - Entered password
2020-10-31 16:19:15 INFO  log :48 - Test Passed
2020-10-31 16:34:05 INFO  log :64 - Page was opened
2020-10-31 16:34:05 INFO  log :14 - Entered username
2020-10-31 16:34:05 INFO  log :16 - Entered password
2020-10-31 16:34:15 INFO  log :42 - Test Failed
2020-10-31 16:36:05 INFO  log :64 - Page was opened
2020-10-31 16:36:05 INFO  log :14 - Entered username
2020-10-31 16:36:06 INFO  log :16 - Entered password
2020-10-31 16:36:16 INFO  log :48 - Test Passed
2020-10-31 16:49:58 INFO  log :64 - Page was opened
2020-10-31 16:49:58 INFO  log :14 - Entered username
2020-10-31 16:49:58 INFO  log :16 - Entered password
2020-10-31 16:50:07 INFO  log :42 - Test Failed
2020-10-31 16:54:44 INFO  log :64 - Page was opened
2020-10-31 16:54:44 INFO  log :14 - Entered username
2020-10-31 16:54:44 INFO  log :16 - Entered password
2020-10-31 16:54:53 INFO  log :48 - Test Passed
2020-10-31 17:54:47 INFO  log :64 - Page was opened
2020-10-31 17:54:47 INFO  log :14 - Entered username
2020-10-31 17:54:47 INFO  log :16 - Entered password
2020-10-31 17:54:56 INFO  log :48 - Test Passed
2020-10-31 21:20:01 INFO  log :64 - Page was opened
2020-10-31 21:20:02 INFO  log :14 - Entered username
2020-10-31 21:20:02 INFO  log :16 - Entered password
2020-10-31 21:20:12 INFO  log :42 - Test Failed
2020-10-31 21:22:32 INFO  log :64 - Page was opened
2020-10-31 21:22:32 INFO  log :14 - Entered username
2020-10-31 21:22:32 INFO  log :16 - Entered password
2020-10-31 21:22:41 INFO  log :48 - Test Passed
2020-10-31 21:24:00 INFO  log :64 - Page was opened
2020-10-31 21:24:00 INFO  log :14 - Entered username
2020-10-31 21:24:00 INFO  log :16 - Entered password
2020-10-31 21:24:10 INFO  log :48 - Test Passed
2020-10-31 21:57:13 INFO  log :64 - Page was opened
2020-10-31 21:57:13 INFO  log :15 - Username was entered
2020-10-31 21:57:13 INFO  log :17 - Password was entered
2020-10-31 21:57:17 INFO  log :27 - Test is failed
2020-10-31 21:57:26 INFO  log :64 - Page was opened
2020-10-31 21:57:26 INFO  log :14 - Entered username
2020-10-31 21:57:26 INFO  log :16 - Entered password
2020-10-31 21:57:34 INFO  log :42 - Test Failed
2020-10-31 22:04:24 INFO  log :64 - Page was opened
2020-10-31 22:04:24 INFO  log :15 - Username was entered
2020-10-31 22:04:25 INFO  log :17 - Password was entered
2020-10-31 22:04:29 INFO  log :22 - Test is passed
2020-10-31 22:04:37 INFO  log :64 - Page was opened
2020-10-31 22:04:37 INFO  log :14 - Entered username
2020-10-31 22:04:37 INFO  log :16 - Entered password
2020-10-31 22:04:46 INFO  log :48 - Test Passed
2020-10-31 22:36:44 INFO  log :64 - Page was opened
2020-10-31 22:36:44 INFO  log :15 - Username was entered
2020-10-31 22:36:44 INFO  log :17 - Password was entered
2020-10-31 22:36:48 INFO  log :22 - Test is passed
2020-10-31 22:36:57 INFO  log :64 - Page was opened
2020-10-31 22:36:57 INFO  log :14 - Entered username
2020-10-31 22:36:57 INFO  log :16 - Entered password
2020-10-31 22:37:06 INFO  log :42 - Test Failed
2020-10-31 22:38:25 INFO  log :64 - Page was opened
2020-10-31 22:38:25 INFO  log :15 - Username was entered
2020-10-31 22:38:25 INFO  log :17 - Password was entered
2020-10-31 22:38:30 INFO  log :22 - Test is passed
2020-10-31 22:38:38 INFO  log :64 - Page was opened
2020-10-31 22:38:38 INFO  log :14 - Entered username
2020-10-31 22:38:38 INFO  log :16 - Entered password
2020-10-31 22:38:47 INFO  log :42 - Test Failed
2020-10-31 22:44:24 INFO  log :64 - Page was opened
2020-10-31 22:44:24 INFO  log :15 - Username was entered
2020-10-31 22:44:24 INFO  log :17 - Password was entered
2020-10-31 22:44:28 INFO  log :22 - Test is passed
2020-10-31 22:44:37 INFO  log :64 - Page was opened
2020-10-31 22:44:37 INFO  log :14 - Entered username
2020-10-31 22:44:37 INFO  log :16 - Entered password
2020-10-31 22:44:46 INFO  log :48 - Test Passed
2020-10-31 22:46:38 INFO  log :64 - Page was opened
2020-10-31 22:46:39 INFO  log :15 - Username was entered
2020-10-31 22:46:39 INFO  log :17 - Password was entered
2020-10-31 22:46:42 INFO  log :22 - Test is passed
2020-10-31 22:46:50 INFO  log :64 - Page was opened
2020-10-31 22:46:50 INFO  log :14 - Entered username
2020-10-31 22:46:50 INFO  log :16 - Entered password
2020-10-31 22:46:59 INFO  log :48 - Test Passed
2020-11-01 11:14:14 INFO  log :64 - Page was opened
2020-11-01 11:14:16 INFO  log :15 - Username was entered
2020-11-01 11:14:16 INFO  log :17 - Password was entered
2020-11-01 11:14:20 INFO  log :22 - Test is passed
2020-11-01 11:14:30 INFO  log :64 - Page was opened
2020-11-01 11:14:30 INFO  log :14 - Entered username
2020-11-01 11:14:30 INFO  log :16 - Entered password
2020-11-01 11:14:40 INFO  log :48 - Test Passed
2020-11-01 11:18:47 INFO  log :64 - Page was opened
2020-11-01 11:18:47 INFO  log :15 - Username was entered
2020-11-01 11:18:47 INFO  log :17 - Password was entered
2020-11-01 11:18:52 INFO  log :22 - Test is passed
2020-11-01 11:19:00 INFO  log :64 - Page was opened
2020-11-01 11:19:01 INFO  log :14 - Entered username
2020-11-01 11:19:01 INFO  log :16 - Entered password
2020-11-01 11:19:10 INFO  log :48 - Test Passed
2020-11-01 11:27:26 INFO  log :64 - Page was opened
2020-11-01 11:27:26 INFO  log :15 - Username was entered
2020-11-01 11:27:26 INFO  log :17 - Password was entered
2020-11-01 11:27:30 INFO  log :22 - Test is passed
2020-11-01 11:27:40 INFO  log :64 - Page was opened
2020-11-01 11:27:40 INFO  log :14 - Entered username
2020-11-01 11:27:41 INFO  log :16 - Entered password
2020-11-01 11:27:50 INFO  log :42 - Test Failed
